0 info it worked if it ends with ok
1 verbose cli [ '/Users/macbook/.nvm/versions/node/v6.3.1/bin/node',
1 verbose cli   '/Users/macbook/.nvm/versions/node/v6.3.1/bin/npm',
1 verbose cli   'run',
1 verbose cli   'build' ]
2 info using npm@3.10.8
3 info using node@v6.3.1
4 verbose run-script [ 'prebuild', 'build', 'postbuild' ]
5 info lifecycle jes-utils@1.0.1~prebuild: jes-utils@1.0.1
6 silly lifecycle jes-utils@1.0.1~prebuild: no script for prebuild, continuing
7 info lifecycle jes-utils@1.0.1~build: jes-utils@1.0.1
8 verbose lifecycle jes-utils@1.0.1~build: unsafe-perm in lifecycle true
9 verbose lifecycle jes-utils@1.0.1~build: PATH: /Users/macbook/.nvm/versions/node/v6.3.1/lib/node_modules/.npm_npminstall/node_modules/.3.10.8@npm/bin/node-gyp-bin:/Volumes/expand-disk/npm-publish/js-utils/node_modules/.bin:/Users/macbook/.nvm/versions/node/v6.3.1/bin:/usr/local/bin:/usr/bin:/bin:/usr/sbin:/sbin:/usr/local/MacGPG2/bin:/usr/local/git/bin:/Users/macbook/.rvm/bin
10 verbose lifecycle jes-utils@1.0.1~build: CWD: /Volumes/expand-disk/npm-publish/js-utils
11 silly lifecycle jes-utils@1.0.1~build: Args: [ '-c', 'npx rollup -c rollup/config.js' ]
12 silly lifecycle jes-utils@1.0.1~build: Returned: code: 1  signal: null
13 info lifecycle jes-utils@1.0.1~build: Failed to exec build script
14 verbose stack Error: jes-utils@1.0.1 build: `npx rollup -c rollup/config.js`
14 verbose stack Exit status 1
14 verbose stack     at EventEmitter.<anonymous> (/Users/macbook/.nvm/versions/node/v6.3.1/lib/node_modules/.npm_npminstall/node_modules/.3.10.8@npm/lib/utils/lifecycle.js:255:16)
14 verbose stack     at emitTwo (events.js:106:13)
14 verbose stack     at EventEmitter.emit (events.js:191:7)
14 verbose stack     at ChildProcess.<anonymous> (/Users/macbook/.nvm/versions/node/v6.3.1/lib/node_modules/.npm_npminstall/node_modules/.3.10.8@npm/lib/utils/spawn.js:40:14)
14 verbose stack     at emitTwo (events.js:106:13)
14 verbose stack     at ChildProcess.emit (events.js:191:7)
14 verbose stack     at maybeClose (internal/child_process.js:852:16)
14 verbose stack     at Process.ChildProcess._handle.onexit (internal/child_process.js:215:5)
15 verbose pkgid jes-utils@1.0.1
16 verbose cwd /Volumes/expand-disk/npm-publish/js-utils
17 error Darwin 19.4.0
18 error argv "/Users/macbook/.nvm/versions/node/v6.3.1/bin/node" "/Users/macbook/.nvm/versions/node/v6.3.1/bin/npm" "run" "build"
19 error node v6.3.1
20 error npm  v3.10.8
21 error code ELIFECYCLE
22 error jes-utils@1.0.1 build: `npx rollup -c rollup/config.js`
22 error Exit status 1
23 error Failed at the jes-utils@1.0.1 build script 'npx rollup -c rollup/config.js'.
23 error Make sure you have the latest version of node.js and npm installed.
23 error If you do, this is most likely a problem with the jes-utils package,
23 error not with npm itself.
23 error Tell the author that this fails on your system:
23 error     npx rollup -c rollup/config.js
23 error You can get information on how to open an issue for this project with:
23 error     npm bugs jes-utils
23 error Or if that isn't available, you can get their info via:
23 error     npm owner ls jes-utils
23 error There is likely additional logging output above.
24 verbose exit [ 1, true ]
